<?xml version="1.0" encoding="UTF-8"?>
<testng-results ignored="0" total="1" passed="1" failed="0" skipped="0">
  <reporter-output>
  </reporter-output>
  <suite started-at="2023-06-06T13:15:56 IST" name="Default suite" finished-at="2023-06-06T13:15:59 IST" duration-ms="3714">
    <groups>
    </groups>
    <test started-at="2023-06-06T13:15:56 IST" name="Default test" finished-at="2023-06-06T13:15:59 IST" duration-ms="3714">
      <class name="restAssured_API.coopAPI.COOP_AUTH_Test">
        <test-method signature="coopAPI()[pri:0, instance:restAssured_API.coopAPI.COOP_AUTH_Test@4bb33f74]" started-at="2023-06-06T13:15:56 IST" name="coopAPI" finished-at="2023-06-06T13:15:59 IST" duration-ms="3660" status="PASS">
          <reporter-output>
          </reporter-output>
        </test-method> <!-- coopAPI -->
      </class> <!-- restAssured_API.coopAPI.COOP_AUTH_Test -->
    </test> <!-- Default test -->
  </suite> <!-- Default suite -->
</testng-results>
